#
# A fatal error has been detected by the Java Runtime Environment:
#
#  Internal Error (0xc0020001), pid=7088, tid=6712
#
# JRE version: 7.0_17-b02
# Java VM: Java HotSpot(TM) Client VM (23.7-b01 mixed mode, sharing windows-x86 )
# Problematic frame:
# C  [KERNELBASE.dll+0xc41f]  RaiseException+0x58
#
# Failed to write core dump. Minidumps are not enabled by default on client versions of Windows
#
# If you would like to submit a bug report, please visit:
#   http://bugreport.sun.com/bugreport/crash.jsp
# The crash happened outside the Java Virtual Machine in native code.
# See problematic frame for where to report the bug.
#

---------------  T H R E A D  ---------------

Current thread (0x0a11d800):  JavaThread "Thread-0" daemon [_thread_in_native, id=6712, stack(0x09540000,0x09640000)]

siginfo: ExceptionCode=0xc0020001, ExceptionInformation=0x8007042b 

Registers:
EAX=0x0963e3dc, EBX=0x34049a48, ECX=0x00000001, EDX=0x00000000
ESP=0x0963e3dc, EBP=0x0963e42c, ESI=0x0070a120, EDI=0x0a11d800
EIP=0x76c2c41f, EFLAGS=0x00000202

Top of Stack: (sp=0x0963e3dc)
0x0963e3dc:   c0020001 00000001 00000000 76c2c41f
0x0963e3ec:   00000001 8007042b 6210f4f4 0963e440
0x0963e3fc:   0a11d800 0963e458 62141cf1 3405cf5e
0x0963e40c:   3405cf5e 08ef08b8 00000051 0a11d800
0x0963e41c:   00000000 34059ea8 0963e454 6218cee7
0x0963e42c:   0963e448 71bae96b c0020001 00000001
0x0963e43c:   00000001 0963e444 8007042b 0963e458
0x0963e44c:   71b3d984 8007042b 34049a48 0963e478 

Instructions: (pc=0x76c2c41f)
0x76c2c3ff:   02 50 ff 75 14 8d 45 c4 50 e8 55 ad 02 00 83 c4
0x76c2c40f:   0c eb 03 89 45 c0 8d 45 b0 50 ff 15 5c 11 c2 76
0x76c2c41f:   c9 c2 10 00 cc cc cc cc cc 8b ff 55 8b ec 56 8b
0x76c2c42f:   75 08 83 fe f4 72 18 83 fe f6 77 13 8d 45 08 50 


Register to memory mapping:

EAX=0x0963e3dc is pointing into the stack for thread: 0x0a11d800
EBX=0x34049a48 is an oop
{method} 
 - klass: {other class}
ECX=0x00000001 is an unknown value
EDX=0x00000000 is an unknown value
ESP=0x0963e3dc is pointing into the stack for thread: 0x0a11d800
EBP=0x0963e42c is pointing into the stack for thread: 0x0a11d800
ESI=0x0070a120 is an unknown value
EDI=0x0a11d800 is a thread


Stack: [0x09540000,0x09640000],  sp=0x0963e3dc,  free space=1016k
Native frames: (J=compiled Java code, j=interpreted, Vv=VM code, C=native code)
C  [KERNELBASE.dll+0xc41f]  RaiseException+0x58
C  [mscorwks.dll+0x24e96b]  GetAddrOfContractShutoffFlag+0x960f
C  [mscorwks.dll+0x1dd984]  DllUnregisterServerInternal+0x1db93
C  [mscorwks.dll+0x1e6d]
j  flash.tools.debugger.__IProgress.setProgress(II)V+0
j  flash.tools.debugger.concrete.PlayerSessionManager.accept(Lflash/tools/debugger/concrete/ProcessListener;Lflash/tools/debugger/IProgress;)Lflash/tools/debugger/Session;+96
j  flash.tools.debugger.concrete.PlayerSessionManager.accept(Lflash/tools/debugger/IProgress;)Lflash/tools/debugger/Session;+3
v  ~StubRoutines::call_stub
C  0x6221a34a  JVM_Clone+0x498aa
C  0x622c968e  JVM_FindSignal+0x602de
C