#
# A fatal error has been detected by the Java Runtime Environment:
#
#  Internal Error (0xc0020001), pid=8856, tid=8184
#
# JRE version: 7.0_17-b02
# Java VM: Java HotSpot(TM) Client VM (23.7-b01 mixed mode, sharing windows-x86 )
# Problematic frame:
# C  [KERNELBASE.dll+0xc42d]  RaiseException+0x58
#
# Failed to write core dump. Minidumps are not enabled by default on client versions of Windows
#
# If you would like to submit a bug report, please visit:
#   http://bugreport.sun.com/bugreport/crash.jsp
# The crash happened outside the Java Virtual Machine in native code.
# See problematic frame for where to report the bug.
#

---------------  T H R E A D  ---------------

Current thread (0x0dc4e800):  JavaThread "Thread-3" daemon [_thread_in_native, id=8184, stack(0x08cf0000,0x08df0000)]

siginfo: ExceptionCode=0xc0020001, ExceptionInformation=0x8007042b 

Registers:
EAX=0x08dee58c, EBX=0x34049a58, ECX=0x00000001, EDX=0x00000000
ESP=0x08dee58c, EBP=0x08dee5dc, ESI=0x0764ba70, EDI=0x0dc4e800
EIP=0x7723c42d, EFLAGS=0x00000202

Top of Stack: (sp=0x08dee58c)
0x08dee58c:   c0020001 00000001 00000000 7723c42d
0x08dee59c:   00000001 8007042b 71cbf4f4 08dee5f0
0x08dee5ac:   0dc4e800 08dee608 71cf1cf1 3405cf6e
0x08dee5bc:   3405cf6e 060a0980 00000051 0dc4e800
0x08dee5cc:   00000000 34059eb8 08dee604 71d3cee7
0x08dee5dc:   08dee5f8 6576e96b c0020001 00000001
0x08dee5ec:   00000001 08dee5f4 8007042b 08dee608
0x08dee5fc:   656fd984 8007042b 34049a58 08dee628 

Instructions: (pc=0x7723c42d)
0x7723c40d:   02 50 ff 75 14 8d 45 c4 50 e8 57 ad 02 00 83 c4
0x7723c41d:   0c eb 03 89 45 c0 8d 45 b0 50 ff 15 5c 11 23 77
0x7723c42d:   c9 c2 10 00 cc cc cc cc cc 8b ff 55 8b ec 56 8b
0x7723c43d:   75 08 83 fe f4 72 18 83 fe f6 77 13 8d 45 08 50 


Register to memory mapping:

EAX=0x08dee58c is pointing into the stack for thread: 0x0dc4e800
EBX=0x34049a58 is an oop
{method} 
 - klass: {other class}
ECX=0x00000001 is an unknown value
EDX=0x00000000 is an unknown value
ESP=0x08dee58c is pointing into the stack for thread: 0x0dc4e800
EBP=0x08dee5dc is pointing into the stack for thread: 0x0dc4e800
ESI=0x0764ba70 is an unknown value
EDI=0x0dc4e800 is a thread


Stack: [0x08cf0000,0x08df0000],  sp=0x08dee58c,  free space=1017k
Native frames: (J=compiled Java code, j=interpreted, Vv=VM code, C=native code)
C  [KERNELBASE.dll+0xc42d]  RaiseException+0x58
C  [mscorwks.dll+0x24e96b]  GetAddrOfContractShutoffFlag+0x960f
C  [mscorwks.dll+0x1dd984]  DllUnregisterServerInternal+0x1db93
C  [mscorwks.dll+0x1e6d]
j  flash.tools.debugger.__IProgress.setProgress(II)V+0
j  flash.tools.debugger.concrete.PlayerSessionManager.accept(Lflash/tools/debugger/concrete/ProcessListener;Lflash/tools/debugger/IProgress;)Lflash/tools/debugger/Session;+96
j  flash.tools.debugger.concrete.PlayerSessionManager.accept(Lflash/tools/debugger/IProgress;)Lflash/tools/debugger/Session;+3
v  ~StubRoutines::call_stub
C  0x71dca34a  JVM_Clone+0x498aa
C  0x71e7968e  JVM_FindSignal+0x602de
C  0x71dca3cd  JVM_Clone+0x4992d
C  0x71d4f07a  JNI_CreateJavaVM+0x57ea
C  0x71d51033  JNI_CreateJavaVM+0x77a3
C  [mscorwks.dll+0x1d19]
C  0x056d039f
C  0x0598628f
C  0x0580a4e2
C  0x05808de8
